{"/Users/wangjingyi/Personal/webpack-test/builder-webpack/lib/webpack.base.js":{"path":"/Users/wangjingyi/Personal/webpack-test/builder-webpack/lib/webpack.base.js","s":{"1":1,"2":1,"3":1,"4":1,"5":1,"6":1,"7":1,"8":1,"9":1,"10":1,"11":1,"12":1,"13":2,"14":2,"15":2,"16":2,"17":1,"18":1,"19":1,"20":0,"21":0,"22":0,"23":0},"b":{"1":[2,2],"2":[0,0],"3":[0,0]},"f":{"1":0},"fnMap":{"1":{"name":"errorPlugin","line":116,"loc":{"start":{"line":116,"column":4},"end":{"line":116,"column":27}}}},"statementMap":{"1":{"start":{"line":1,"column":0},"end":{"line":1,"column":29}},"2":{"start":{"line":2,"column":0},"end":{"line":2,"column":64}},"3":{"start":{"line":3,"column":0},"end":{"line":3,"column":57}},"4":{"start":{"line":4,"column":0},"end":{"line":4,"column":63}},"5":{"start":{"line":5,"column":0},"end":{"line":5,"column":78}},"6":{"start":{"line":7,"column":0},"end":{"line":7,"column":29}},"7":{"start":{"line":9,"column":0},"end":{"line":9,"column":34}},"8":{"start":{"line":11,"column":0},"end":{"line":43,"column":2}},"9":{"start":{"line":12,"column":2},"end":{"line":12,"column":19}},"10":{"start":{"line":13,"column":2},"end":{"line":13,"column":32}},"11":{"start":{"line":14,"column":2},"end":{"line":14,"column":74}},"12":{"start":{"line":16,"column":2},"end":{"line":37,"column":5}},"13":{"start":{"line":17,"column":4},"end":{"line":17,"column":58}},"14":{"start":{"line":18,"column":4},"end":{"line":18,"column":39}},"15":{"start":{"line":20,"column":4},"end":{"line":20,"column":32}},"16":{"start":{"line":21,"column":4},"end":{"line":36,"column":6}},"17":{"start":{"line":39,"column":2},"end":{"line":42,"column":4}},"18":{"start":{"line":44,"column":0},"end":{"line":44,"column":47}},"19":{"start":{"line":46,"column":0},"end":{"line":126,"column":2}},"20":{"start":{"line":117,"column":6},"end":{"line":122,"column":9}},"21":{"start":{"line":118,"column":8},"end":{"line":121,"column":9}},"22":{"start":{"line":119,"column":10},"end":{"line":119,"column":37}},"23":{"start":{"line":120,"column":10},"end":{"line":120,"column":26}}},"branchMap":{"1":{"line":18,"type":"binary-expr","locations":[{"start":{"line":18,"column":21},"end":{"line":18,"column":26}},{"start":{"line":18,"column":30},"end":{"line":18,"column":38}}]},"2":{"line":118,"type":"if","locations":[{"start":{"line":118,"column":8},"end":{"line":118,"column":8}},{"start":{"line":118,"column":8},"end":{"line":118,"column":8}}]},"3":{"line":118,"type":"binary-expr","locations":[{"start":{"line":118,"column":12},"end":{"line":118,"column":43}},{"start":{"line":118,"column":47},"end":{"line":118,"column":85}}]}}}}